<?xml version="1.0" encoding="UTF-8"?>
<!-- Generated by org.testng.reporters.JUnitReportReporter -->
<testsuite skipped="0" hostname="PSAPAC518" name="test.Sales_V6" tests="24" failures="0" timestamp="09 Mar 2021 08:21:36 GMT" time="96.943" errors="0">
  <testcase name="login_backend" time="14.517" classname="test.Sales_V6"/>
  <testcase name="JobTab" time="11.953" classname="test.Sales_V6"/>
  <testcase name="mailInbox" time="9.885" classname="test.Sales_V6"/>
  <testcase name="Interviews" time="1.479" classname="test.Sales_V6"/>
  <testcase name="jobRequest" time="1.769" classname="test.Sales_V6"/>
  <testcase name="Companies" time="2.238" classname="test.Sales_V6"/>
  <testcase name="boardsManagement" time="2.203" classname="test.Sales_V6"/>
  <testcase name="RTFTemplateAdmin" time="5.060" classname="test.Sales_V6"/>
  <testcase name="DownloadRTFTemplateBuilder" time="1.211" classname="test.Sales_V6"/>
  <testcase name="TalentFolderProcessesr" time="2.761" classname="test.Sales_V6"/>
  <testcase name="CandidateAccounts" time="1.335" classname="test.Sales_V6"/>
  <testcase name="SMSAccounts" time="2.412" classname="test.Sales_V6"/>
  <testcase name="Broadcasts" time="2.351" classname="test.Sales_V6"/>
  <testcase name="FacebookApp" time="1.350" classname="test.Sales_V6"/>
  <testcase name="Locations" time="2.229" classname="test.Sales_V6"/>
  <testcase name="GridColumns" time="1.168" classname="test.Sales_V6"/>
  <testcase name="HiringManagerFeedback" time="3.826" classname="test.Sales_V6"/>
  <testcase name="ApplicationAdmin" time="2.572" classname="test.Sales_V6"/>
  <testcase name="Holiday" time="2.396" classname="test.Sales_V6"/>
  <testcase name="EmailQueueManagement" time="3.391" classname="test.Sales_V6"/>
  <testcase name="Orbeon" time="7.072" classname="test.Sales_V6"/>
  <testcase name="DocumentTemplates" time="5.095" classname="test.Sales_V6"/>
  <testcase name="Formssearch" time="4.681" classname="test.Sales_V6"/>
  <testcase name="Tasks" time="3.989" classname="test.Sales_V6"/>
</testsuite> <!-- test.Sales_V6 -->
