<?xml version="1.0" encoding="UTF-8"?>
<!-- Generated by org.testng.reporters.JUnitReportReporter -->
<testsuite skipped="1" hostname="PSAPAC518" name="test.QLD_Prod_V7" tests="20" failures="0" timestamp="08 Mar 2022 21:07:01 GMT" time="101.327" errors="0">
  <testcase name="login_backend" time="7.640" classname="test.QLD_Prod_V7"/>
  <testcase name="topMenuItems" time="2.923" classname="test.QLD_Prod_V7"/>
  <testcase name="JobTab" time="7.417" classname="test.QLD_Prod_V7"/>
  <testcase name="AllTabs" time="34.658" classname="test.QLD_Prod_V7"/>
  <testcase name="externalSearch" time="2.665" classname="test.QLD_Prod_V7"/>
  <testcase name="EmailInbox" time="2.220" classname="test.QLD_Prod_V7"/>
  <testcase name="Interviews" time="4.797" classname="test.QLD_Prod_V7"/>
  <testcase name="CandidateAccounts" time="2.255" classname="test.QLD_Prod_V7"/>
  <testcase name="ApplicationAdmin" time="1.411" classname="test.QLD_Prod_V7"/>
  <testcase name="Broadcasts" time="2.121" classname="test.QLD_Prod_V7"/>
  <testcase name="HiringManagerFeedback" time="1.348" classname="test.QLD_Prod_V7"/>
  <testcase name="Holiday" time="1.250" classname="test.QLD_Prod_V7"/>
  <testcase name="Locations" time="1.263" classname="test.QLD_Prod_V7"/>
  <testcase name="RTFTemplateDownload" time="4.233" classname="test.QLD_Prod_V7"/>
  <testcase name="UserGroups" time="2.193" classname="test.QLD_Prod_V7"/>
  <testcase name="OrbeonForm" time="4.836" classname="test.QLD_Prod_V7"/>
  <testcase name="EmailQueueAdmin" time="1.695" classname="test.QLD_Prod_V7"/>
  <testcase name="DocumentTemplates" time="2.155" classname="test.QLD_Prod_V7"/>
  <testcase name="delete_candidate" time="14.247" classname="test.QLD_Prod_V7"/>
  <testcase name="CreateaJob" classname="test.QLD_Prod_V7">
    <skipped/>
  </testcase> <!-- CreateaJob -->
</testsuite> <!-- test.QLD_Prod_V7 -->
