<?xml version="1.0" encoding="UTF-8"?>
<!-- Generated by org.testng.reporters.JUnitReportReporter -->
<testsuite skipped="1" hostname="PSAPAC518" name="test.Training_V7" tests="20" failures="0" timestamp="10 Feb 2022 00:50:34 GMT" time="106.497" errors="0">
  <testcase name="login_backend" time="7.927" classname="test.Training_V7"/>
  <testcase name="topMenuItems" time="4.564" classname="test.Training_V7"/>
  <testcase name="JobTab" time="6.991" classname="test.Training_V7"/>
  <testcase name="AllTabs" time="36.780" classname="test.Training_V7"/>
  <testcase name="externalSearch" time="2.712" classname="test.Training_V7"/>
  <testcase name="EmailInbox" time="2.361" classname="test.Training_V7"/>
  <testcase name="Interviews" time="6.065" classname="test.Training_V7"/>
  <testcase name="CandidateAccounts" time="2.331" classname="test.Training_V7"/>
  <testcase name="ApplicationAdmin" time="1.490" classname="test.Training_V7"/>
  <testcase name="Broadcasts" time="2.157" classname="test.Training_V7"/>
  <testcase name="HiringManagerFeedback" time="1.521" classname="test.Training_V7"/>
  <testcase name="Holiday" time="1.224" classname="test.Training_V7"/>
  <testcase name="Locations" time="1.304" classname="test.Training_V7"/>
  <testcase name="RTFTemplateDownload" time="2.193" classname="test.Training_V7"/>
  <testcase name="UserGroups" time="2.158" classname="test.Training_V7"/>
  <testcase name="OrbeonForm" time="5.767" classname="test.Training_V7"/>
  <testcase name="EmailQueueAdmin" time="1.730" classname="test.Training_V7"/>
  <testcase name="DocumentTemplates" time="2.985" classname="test.Training_V7"/>
  <testcase name="delete_candidate" time="14.237" classname="test.Training_V7"/>
  <testcase name="CreateaJob" classname="test.Training_V7">
    <skipped/>
  </testcase> <!-- CreateaJob -->
</testsuite> <!-- test.Training_V7 -->
