<?xml version="1.0" encoding="UTF-8"?>
<!-- Generated by org.testng.reporters.JUnitReportReporter -->
<testsuite skipped="0" hostname="PSAPAC518" name="test.QLDTRN" tests="20" failures="0" timestamp="25 Nov 2019 21:22:37 GMT" time="75.047" errors="0">
  <testcase name="login_backend" time="7.720" classname="test.QLDTRN"/>
  <testcase name="Interviews" time="0.850" classname="test.QLDTRN"/>
  <testcase name="JobTab" time="12.179" classname="test.QLDTRN"/>
  <testcase name="Experience_Tab" time="8.698" classname="test.QLDTRN"/>
  <testcase name="RTFTemplateAdmin" time="8.855" classname="test.QLDTRN"/>
  <testcase name="DownloadRTFTemplateBuilder" time="2.086" classname="test.QLDTRN"/>
  <testcase name="CandidateAccounts" time="1.086" classname="test.QLDTRN"/>
  <testcase name="SMSAccounts" time="1.102" classname="test.QLDTRN"/>
  <testcase name="CandidatePortalConfig" time="1.100" classname="test.QLDTRN"/>
  <testcase name="Broadcasts" time="1.096" classname="test.QLDTRN"/>
  <testcase name="UserGroups" time="0.318" classname="test.QLDTRN"/>
  <testcase name="Locations" time="1.128" classname="test.QLDTRN"/>
  <testcase name="InterviewAutoCommunication" time="1.140" classname="test.QLDTRN"/>
  <testcase name="GridColumns" time="1.097" classname="test.QLDTRN"/>
  <testcase name="HiringManagerFeedback" time="1.156" classname="test.QLDTRN"/>
  <testcase name="Holiday" time="1.147" classname="test.QLDTRN"/>
  <testcase name="EmailQueueManagement" time="2.566" classname="test.QLDTRN"/>
  <testcase name="Orbeon" time="13.830" classname="test.QLDTRN"/>
  <testcase name="DocumentTemplates" time="2.845" classname="test.QLDTRN"/>
  <testcase name="FormsSearch" time="5.048" classname="test.QLDTRN"/>
</testsuite> <!-- test.QLDTRN -->
