<?xml version="1.0" encoding="UTF-8"?>
<!-- Generated by org.testng.reporters.JUnitReportReporter -->
<testsuite skipped="0" hostname="PSAPAC518" name="Parallel.test.TEstloginregisterTest" tests="10" failures="0" timestamp="20 Jun 2019 23:00:34 GMT" time="69.453" errors="0">
  <testcase name="tEstloginregisterChrome" time="6.560" classname="Parallel.test.TEstloginregisterTest"/>
  <testcase name="tEstloginregisterChrome" time="6.420" classname="Parallel.test.TEstloginregisterTest"/>
  <testcase name="tEstloginregisterChrome" time="8.518" classname="Parallel.test.TEstloginregisterTest"/>
  <testcase name="tEstloginregisterChrome" time="6.349" classname="Parallel.test.TEstloginregisterTest"/>
  <testcase name="tEstloginregisterChrome" time="6.404" classname="Parallel.test.TEstloginregisterTest"/>
  <testcase name="tEstloginregisterChrome" time="7.276" classname="Parallel.test.TEstloginregisterTest"/>
  <testcase name="tEstloginregisterChrome" time="6.551" classname="Parallel.test.TEstloginregisterTest"/>
  <testcase name="tEstloginregisterChrome" time="6.770" classname="Parallel.test.TEstloginregisterTest"/>
  <testcase name="tEstloginregisterChrome" time="7.672" classname="Parallel.test.TEstloginregisterTest"/>
  <testcase name="tEstloginregisterChrome" time="6.933" classname="Parallel.test.TEstloginregisterTest"/>
</testsuite> <!-- Parallel.test.TEstloginregisterTest -->
