<?xml version="1.0" encoding="UTF-8"?>
<!-- Generated by org.testng.reporters.JUnitReportReporter -->
<testsuite skipped="0" hostname="PSAPAC518" name="test.AllTabs" tests="1" failures="0" timestamp="29 Jul 2019 04:16:14 GMT" time="4.698" errors="0">
  <testcase name="login_backend" time="4.698" classname="test.AllTabs"/>
</testsuite> <!-- test.AllTabs -->
