<?xml version="1.0" encoding="UTF-8"?>
<!-- Generated by org.testng.reporters.JUnitReportReporter -->
<testsuite skipped="1" hostname="PSAPAC518" name="test.preprodv7" tests="24" failures="0" timestamp="10 Feb 2022 02:48:45 GMT" time="160.385" errors="0">
  <testcase name="login_backend" time="14.228" classname="test.preprodv7"/>
  <testcase name="topMenuItems" time="5.322" classname="test.preprodv7"/>
  <testcase name="JobTab" time="7.918" classname="test.preprodv7"/>
  <testcase name="AllTabs" time="38.357" classname="test.preprodv7"/>
  <testcase name="externalSearch" time="3.988" classname="test.preprodv7"/>
  <testcase name="EmailInbox" time="2.974" classname="test.preprodv7"/>
  <testcase name="Interviews" time="6.228" classname="test.preprodv7"/>
  <testcase name="JobRequest" time="20.411" classname="test.preprodv7"/>
  <testcase name="CandidateAccounts" time="2.392" classname="test.preprodv7"/>
  <testcase name="ApplicationAdmin" time="2.426" classname="test.preprodv7"/>
  <testcase name="Broadcasts" time="2.238" classname="test.preprodv7"/>
  <testcase name="CandidatePortalConfig" time="2.261" classname="test.preprodv7"/>
  <testcase name="CandidateProfile" time="1.906" classname="test.preprodv7"/>
  <testcase name="EmailAddressOverride" time="2.727" classname="test.preprodv7"/>
  <testcase name="HiringManagerFeedback" time="2.166" classname="test.preprodv7"/>
  <testcase name="Holiday" time="1.733" classname="test.preprodv7"/>
  <testcase name="Locations" time="1.739" classname="test.preprodv7"/>
  <testcase name="RTFTemplateDownload" time="4.557" classname="test.preprodv7"/>
  <testcase name="UserGroups" time="2.380" classname="test.preprodv7"/>
  <testcase name="OrbeonForm" time="11.720" classname="test.preprodv7"/>
  <testcase name="EmailQueueAdmin" time="1.871" classname="test.preprodv7"/>
  <testcase name="DocumentTemplates" time="3.855" classname="test.preprodv7"/>
  <testcase name="delete_candidate" time="16.988" classname="test.preprodv7"/>
  <testcase name="CreateaJob" classname="test.preprodv7">
    <skipped/>
  </testcase> <!-- CreateaJob -->
</testsuite> <!-- test.preprodv7 -->
