<?xml version="1.0" encoding="UTF-8"?>
<!-- Generated by org.testng.reporters.JUnitReportReporter -->
<testsuite skipped="0" hostname="PSAPAC518" name="test.kingsbury_Staging" tests="17" failures="0" timestamp="12 Jan 2022 04:35:09 GMT" time="146.004" errors="0">
  <testcase name="login_backend" time="17.786" classname="test.kingsbury_Staging"/>
  <testcase name="topMenuItems" time="6.063" classname="test.kingsbury_Staging"/>
  <testcase name="goToAJob" time="6.328" classname="test.kingsbury_Staging"/>
  <testcase name="reviewModeJobGrid" time="29.018" classname="test.kingsbury_Staging"/>
  <testcase name="externalSearch" time="8.148" classname="test.kingsbury_Staging"/>
  <testcase name="EmailInbox" time="9.900" classname="test.kingsbury_Staging"/>
  <testcase name="Interviews" time="5.927" classname="test.kingsbury_Staging"/>
  <testcase name="jobRequest" time="3.223" classname="test.kingsbury_Staging"/>
  <testcase name="TalentFolderProcessesr" time="5.443" classname="test.kingsbury_Staging"/>
  <testcase name="Locations" time="3.643" classname="test.kingsbury_Staging"/>
  <testcase name="HiringManagerFeedback" time="7.182" classname="test.kingsbury_Staging"/>
  <testcase name="Holiday" time="4.748" classname="test.kingsbury_Staging"/>
  <testcase name="EmailQueueAdmin" time="6.227" classname="test.kingsbury_Staging"/>
  <testcase name="OrbeonForm" time="8.807" classname="test.kingsbury_Staging"/>
  <testcase name="DocumentTemplates" time="6.577" classname="test.kingsbury_Staging"/>
  <testcase name="ProcessDesigner" time="6.362" classname="test.kingsbury_Staging"/>
  <testcase name="delete_candidate" time="10.622" classname="test.kingsbury_Staging"/>
</testsuite> <!-- test.kingsbury_Staging -->
